<?xml version="1.0" encoding="UTF-8"?>
<!-- Generated by org.testng.reporters.JUnitReportReporter -->
<testsuite hostname="Diptalok_Sahoo" failures="0" tests="1" name="TestScript.Opportunities" time="46.131" errors="0" timestamp="2024-03-24T12:36:41 IST" skipped="0">
  <testcase classname="TestScript.Opportunities" name="test" time="46.131"/>
</testsuite> <!-- TestScript.Opportunities -->
